<?xml version="1.0" encoding="UTF-8" standalone="no"?><testsuite errors="0" failures="1" name="Create a new account" skipped="0" tests="1" time="0.38" timestamp="2025-11-23 03:18:47"><testcase name="Successful user registration"><failure message="Invalid URL: &quot;https://buggy.justtestit.org/&quot;" type="java.lang.AssertionError">Invalid URL: "https://buggy.justtestit.org/"</failure><system-err>Invalid URL: "https://buggy.justtestit.org/"&#13;
com.udea.tallercalidad.moduloprueba.tasks.OpenThe.performAs(OpenThe.java:17)&#13;
com.udea.tallercalidad.moduloprueba.stepdefinitions.SignUpStepDefinition.iAmOnTheBuggyCarsPlatform(E2ECommentStepDefinition.java:33)&#13;
worker.org.gradle.process.internal.worker.GradleWorkerMain.run(GradleWorkerMain.java:69)&#13;
worker.org.gradle.process.internal.worker.GradleWorkerMain.main(GradleWorkerMain.java:74)&#13;
</system-err></testcase></testsuite>