<?xml version="1.0" encoding="UTF-8" standalone="no"?><testsuite errors="1" failures="0" name="Create a new account" skipped="0" tests="1" time="2.05" timestamp="2025-11-23 08:14:40"><testcase name="Successful user registration"><error message="Expected condition failed: waiting for By.xpath: //div[contains(@class,'result') and contains(@class,'alert-success')] to be displayed (tried for 5 second(s) with 100 milliseconds interval)&#10;Build info: version: '4.16.1', revision: '9b4c83354e'&#10;System info: os.name: 'Windows 11', os.arch: 'amd64', os.version: '10.0', java.version: '17.0.17'&#10;Driver info: driver.version: unknown" type="org.openqa.selenium.NoSuchElementException">Expected condition failed: waiting for By.xpath: //div[contains(@class,'result') and contains(@class,'alert-success')] to be displayed (tried for 5 second(s) with 100 milliseconds interval)
Build info: version: '4.16.1', revision: '9b4c83354e'
System info: os.name: 'Windows 11', os.arch: 'amd64', os.version: '10.0', java.version: '17.0.17'
Driver info: driver.version: unknown</error><system-err>Expected condition failed: waiting for By.xpath: //div[contains(@class,'result') and contains(@class,'alert-success')] to be displayed (tried for 5 second(s) with 100 milliseconds interval)
Build info: version: '4.16.1', revision: '9b4c83354e'
System info: os.name: 'Windows 11', os.arch: 'amd64', os.version: '10.0', java.version: '17.0.17'
Driver info: driver.version: unknown&#13;
com.udea.tallercalidad.moduloprueba.questions.ValidateSignUp.answeredBy(ValidateSignUp.java:14)&#13;
com.udea.tallercalidad.moduloprueba.questions.ValidateSignUp.answeredBy(ValidateSignUp.java:9)&#13;
com.udea.tallercalidad.moduloprueba.stepdefinitions.SignUpStepDefinition.theSystemShouldConfirmThatMyRegistrationWasCompletedSuccessfully(SignUpStepDefinition.java:40)&#13;
worker.org.gradle.process.internal.worker.GradleWorkerMain.run(GradleWorkerMain.java:69)&#13;
worker.org.gradle.process.internal.worker.GradleWorkerMain.main(GradleWorkerMain.java:74)&#13;
</system-err></testcase></testsuite>