<?xml version="1.0" encoding="UTF-8" standalone="no"?><testsuite errors="0" failures="1" name="Car selection" skipped="0" tests="1" time="3.52" timestamp="2025-11-23 08:00:13"><testcase name="Successful car selection"><failure message="&#10;Expected: &quot;Lamborghini&quot;&#10;     but: was &quot;&quot;" type="java.lang.AssertionError">
Expected: "Lamborghini"
     but: was ""</failure><system-err>
Expected: "Lamborghini"
     but: was ""&#13;
com.udea.tallercalidad.moduloprueba.stepdefinitions.SelectCarStepDefinition.theSystemShouldDisplayTheDetailsOfTheSelectedCar(SelectCarStepDefinition.java:45)&#13;
worker.org.gradle.process.internal.worker.GradleWorkerMain.run(GradleWorkerMain.java:69)&#13;
worker.org.gradle.process.internal.worker.GradleWorkerMain.main(GradleWorkerMain.java:74)&#13;
</system-err></testcase></testsuite>